<?xml version="1.0" encoding="UTF-8"?>
<!-- Generated by org.testng.reporters.JUnitReportReporter -->
<testsuite hostname="DESKTOP-BEU6QF0" failures="0" tests="3" name="com.testcases.ShiftTest" time="31.329" errors="0" timestamp="2023-10-24T13:35:51 IST" skipped="0">
  <testcase classname="com.testcases.ShiftTest" name="addnewshiftvalidation" time="11.882"/>
  <testcase classname="com.testcases.ShiftTest" name="editshiftvalidation" time="10.041"/>
  <testcase classname="com.testcases.ShiftTest" name="deleteshiftvalidation" time="9.406"/>
</testsuite> <!-- com.testcases.ShiftTest -->
