<?xml version="1.0" encoding="UTF-8"?>
<!-- Generated by org.testng.reporters.JUnitReportReporter -->
<testsuite hostname="DESKTOP-BEU6QF0" failures="0" tests="1" name="com.testcases.LogoutTest" time="11.558" errors="0" timestamp="2023-10-12T10:18:11 IST" skipped="0">
  <testcase classname="com.testcases.LogoutTest" name="logoutvalidation" time="11.558"/>
</testsuite> <!-- com.testcases.LogoutTest -->
