<?xml version="1.0" encoding="UTF-8"?>
<!-- Generated by org.testng.reporters.JUnitReportReporter -->
<testsuite hostname="DESKTOP-BEU6QF0" failures="0" tests="1" name="com.testcases.MoveStockTest" time="40.537" errors="0" timestamp="2023-10-13T08:35:32 IST" skipped="0">
  <testcase classname="com.testcases.MoveStockTest" name="stockmovevalidation" time="40.537"/>
</testsuite> <!-- com.testcases.MoveStockTest -->
