<?xml version="1.0" encoding="UTF-8"?>
<!-- Generated by org.testng.reporters.JUnitReportReporter -->
<testsuite hostname="DESKTOP-BEU6QF0" failures="0" tests="3" name="com.testcases.LocationTest" time="25.381" errors="0" timestamp="2023-10-24T08:39:51 IST" skipped="0">
  <testcase classname="com.testcases.LocationTest" name="addnewlocationvalidation" time="10.376"/>
  <testcase classname="com.testcases.LocationTest" name="editlocationvalidation" time="8.376"/>
  <testcase classname="com.testcases.LocationTest" name="deletelocationvalidation" time="6.629"/>
</testsuite> <!-- com.testcases.LocationTest -->
