<?xml version="1.0" encoding="UTF-8"?>
<!-- Generated by org.testng.reporters.JUnitReportReporter -->
<testsuite hostname="DESKTOP-BEU6QF0" failures="0" tests="1" name="com.testcases.Logintest" time="8.356" errors="0" timestamp="2023-10-05T11:30:51 IST" skipped="0">
  <testcase classname="com.testcases.Logintest" name="loginvalidation" time="8.356"/>
</testsuite> <!-- com.testcases.Logintest -->
