<?xml version="1.0" encoding="UTF-8"?>
<!-- Generated by org.testng.reporters.JUnitReportReporter -->
<testsuite hostname="DESKTOP-BEU6QF0" failures="0" tests="1" name="com.testcases.CompanyTest" time="18.029" errors="0" timestamp="2023-11-02T10:18:05 IST" skipped="0">
  <testcase classname="com.testcases.CompanyTest" name="editcompanyvalidation" time="18.029"/>
</testsuite> <!-- com.testcases.CompanyTest -->
