<?xml version="1.0" encoding="UTF-8"?>
<!-- Generated by org.testng.reporters.JUnitReportReporter -->
<testsuite hostname="DESKTOP-BEU6QF0" failures="0" tests="1" name="com.testcases.EndToEndTest" time="17.200" errors="0" timestamp="2023-11-01T11:12:52 IST" skipped="0">
  <testcase classname="com.testcases.EndToEndTest" name="salesorderdispatchvalidation" time="17.200"/>
</testsuite> <!-- com.testcases.EndToEndTest -->
