<?xml version="1.0" encoding="UTF-8"?>
<!-- Generated by org.testng.reporters.JUnitReportReporter -->
<testsuite hostname="DESKTOP-BEU6QF0" failures="0" tests="1" name="com.testcases.UserTypeTest" time="29.410" errors="0" timestamp="2023-10-11T11:00:00 IST" skipped="0">
  <testcase classname="com.testcases.UserTypeTest" name="usertypevalidation" time="29.410"/>
</testsuite> <!-- com.testcases.UserTypeTest -->
