<?xml version="1.0" encoding="UTF-8"?>
<!-- Generated by org.testng.reporters.JUnitReportReporter -->
<testsuite hostname="DESKTOP-BEU6QF0" failures="0" tests="1" name="com.testcases.CustomerTest" time="27.340" errors="0" timestamp="2023-10-11T12:36:45 IST" skipped="0">
  <testcase classname="com.testcases.CustomerTest" name="customervalidation" time="27.340"/>
</testsuite> <!-- com.testcases.CustomerTest -->
