<?xml version="1.0" encoding="UTF-8"?>
<!-- Generated by org.testng.reporters.JUnitReportReporter -->
<testsuite hostname="DESKTOP-BEU6QF0" failures="0" tests="1" name="com.testcases.AddProductTest" time="31.331" errors="0" timestamp="2023-10-30T12:37:13 IST" skipped="0">
  <testcase classname="com.testcases.AddProductTest" name="addproductvalidation" time="31.331"/>
</testsuite> <!-- com.testcases.AddProductTest -->
