<?xml version="1.0" encoding="UTF-8"?>
<!-- Generated by org.testng.reporters.JUnitReportReporter -->
<testsuite hostname="DESKTOP-BEU6QF0" failures="0" tests="1" name="com.testcases.AddProductTest" time="47.376" errors="0" timestamp="2023-11-03T12:00:07 IST" skipped="0">
  <testcase classname="com.testcases.AddProductTest" name="addproductvalidation" time="47.376"/>
</testsuite> <!-- com.testcases.AddProductTest -->
