<?xml version="1.0" encoding="UTF-8"?>
<!-- Generated by org.testng.reporters.JUnitReportReporter -->
<testsuite hostname="DESKTOP-BEU6QF0" failures="0" tests="1" name="com.testcases.UserTypeTest" time="24.732" errors="0" timestamp="2023-10-13T09:01:58 IST" skipped="0">
  <testcase classname="com.testcases.UserTypeTest" name="usertypevalidation" time="24.732"/>
</testsuite> <!-- com.testcases.UserTypeTest -->
