<?xml version="1.0" encoding="UTF-8"?>
<!-- Generated by org.testng.reporters.JUnitReportReporter -->
<testsuite hostname="DESKTOP-BEU6QF0" failures="0" tests="1" name="com.testcases.HolidaysTest" time="32.008" errors="0" timestamp="2023-10-11T14:19:27 IST" skipped="0">
  <testcase classname="com.testcases.HolidaysTest" name="holidayvalidation" time="32.008"/>
</testsuite> <!-- com.testcases.HolidaysTest -->
