<?xml version="1.0" encoding="UTF-8"?>
<!-- Generated by org.testng.reporters.JUnitReportReporter -->
<testsuite hostname="DESKTOP-BEU6QF0" failures="0" tests="1" name="com.testcases.LogoutTest" time="24.148" errors="0" timestamp="2023-10-18T15:08:41 IST" skipped="0">
  <testcase classname="com.testcases.LogoutTest" name="logoutvalidation" time="24.148"/>
</testsuite> <!-- com.testcases.LogoutTest -->
