<?xml version="1.0" encoding="UTF-8"?>
<!-- Generated by org.testng.reporters.JUnitReportReporter -->
<testsuite hostname="DESKTOP-BEU6QF0" failures="0" tests="1" name="com.testcases.AddProductTest" time="29.990" errors="0" timestamp="2023-10-20T18:32:42 IST" skipped="0">
  <testcase classname="com.testcases.AddProductTest" name="addproductvalidation" time="29.990"/>
</testsuite> <!-- com.testcases.AddProductTest -->
